-------------------------------------------------------------------------------
Test set: stepdefs.TestRunner
-------------------------------------------------------------------------------
Tests run: 2, Failures: 1, Errors: 0, Skipped: 0, Time elapsed: 2.11 s <<< FAILURE! - in stepdefs.TestRunner
Run a failing scenario(Test cucumber reporting plugin)  Time elapsed: 0.015 s  <<< FAILURE!
java.lang.AssertionError

