<?xml version="1.0" encoding="UTF-8"?>
<testsuite xmlns:xsi="http://www.w3.org/2001/XMLSchema-instance" xsi:noNamespaceSchemaLocation="https://maven.apache.org/surefire/maven-surefire-plugin/xsd/surefire-test-report.xsd" name="stepdefs.TestRunner" time="2.11" tests="2" errors="0" skipped="0" failures="1">
  <properties>
[...]
</properties>
  <testcase name="Run a non failing scenario" classname="Test cucumber reporting plugin" time="0.348"/>
  <testcase name="Run a failing scenario" classname="Test cucumber reporting plugin" time="0.015">
    <failure type="java.lang.AssertionError">java.lang.AssertionError
</failure>
    <system-out><![CDATA[a not successful step
]]></system-out>
  </testcase>
</testsuite>